{
  "RSpec": {
    "coverage": {
      "/Users/jing.wu/Documents/trailblazers/altmetric-refactoring/lib/date_range_formatter.rb": {
        "lines": [
          1,
          1,
          null,
          1,
          1,
          24,
          22,
          22,
          22,
          null,
          null,
          1,
          22,
          22,
          null,
          22,
          3,
          1,
          2,
          1,
          1,
          0,
          null,
          1,
          null,
          19,
          7,
          2,
          5,
          2,
          3,
          1,
          null,
          2,
          1,
          null,
          1,
          null,
          null,
          12,
          7,
          1,
          6,
          1,
          5,
          0,
          null,
          5,
          null,
          null,
          5,
          1,
          4,
          1,
          3,
          0,
          null,
          3,
          null,
          null,
          null,
          null,
          1,
          4,
          null,
          null,
          1,
          3,
          null,
          null,
          null
        ]
      },
      "/Users/jing.wu/Documents/trailblazers/altmetric-refactoring/lib/fixnum.rb": {
        "lines": [
          1,
          1,
          56,
          0,
          null,
          56,
          45,
          1,
          6,
          4,
          null,
          null,
          null,
          null,
          null
        ]
      }
    },
    "timestamp": 1708608805
  },
  "Unit Tests": {
    "coverage": {
      "/Users/jing.wu/Documents/trailblazers/altmetric-refactoring/lib/date_range_formatter.rb": {
        "lines": [
          1,
          1,
          1,
          1,
          null,
          1,
          1,
          24,
          22,
          22,
          22,
          null,
          null,
          1,
          22,
          22,
          null,
          22,
          3,
          1,
          2,
          1,
          1,
          0,
          null,
          1,
          null,
          19,
          7,
          2,
          5,
          2,
          3,
          1,
          null,
          2,
          1,
          null,
          1,
          null,
          null,
          12,
          7,
          1,
          6,
          1,
          5,
          0,
          null,
          5,
          null,
          null,
          5,
          1,
          4,
          1,
          3,
          0,
          null,
          3,
          null,
          null,
          null,
          null,
          null
        ]
      },
      "/Users/jing.wu/Documents/trailblazers/altmetric-refactoring/lib/fixnum.rb": {
        "lines": [
          1,
          1,
          56,
          0,
          null,
          56,
          45,
          1,
          6,
          4,
          null,
          null,
          null,
          null,
          null
        ]
      }
    },
    "timestamp": 1706798847
  }
}
